# JRE version: OpenJDK Runtime Environment (15.0.2+7) (build 15.0.2+7-27)
# Java VM: OpenJDK 64-Bit Server VM (15.0.2+7-27, mixed mode, tiered, compressed oops, g1 gc, windows-amd64)
GC Precious Log:
 CPUs: 12 total, 12 available
 Memory: 16291M
 Large Page Support: Disabled
 NUMA Support: Disabled
 Compressed Oops: Enabled (Zero based)
 Heap Region Size: 2M
 Heap Min Capacity: 8M
 Heap Initial Capacity: 256M
 Heap Max Capacity: 4074M
 Pre-touch: Disabled
 Parallel Workers: 10
 Concurrent Workers: 3
 Concurrent Refinement Workers: 10
 Periodic GC: Disabled
Heap:
 garbage-first heap   total 262144K, used 102656K [0x0000000701600000, 0x0000000800000000)
  region size 2048K, 51 young (104448K), 3 survivors (6144K)
 Metaspace       used 19990K, capacity 20181K, committed 20352K, reserved 1067008K
  class space    used 2063K, capacity 2150K, committed 2176K, reserved 1048576K
GC Heap History (10 events):
Event: 1.053 GC heap before
{Heap before GC invocations=0 (full 0):
 garbage-first heap   total 262144K, used 24576K [0x0000000701600000, 0x0000000800000000)
  region size 2048K, 11 young (22528K), 0 survivors (0K)
 Metaspace       used 19135K, capacity 19314K, committed 19584K, reserved 1067008K
  class space    used 1989K, capacity 2053K, committed 2176K, reserved 1048576K
}
Event: 1.058 GC heap after
{Heap after GC invocations=1 (full 0):
 garbage-first heap   total 262144K, used 4545K [0x0000000701600000, 0x0000000800000000)
  region size 2048K, 2 young (4096K), 2 survivors (4096K)
 Metaspace       used 19135K, capacity 19314K, committed 19584K, reserved 1067008K
  class space    used 1989K, capacity 2053K, committed 2176K, reserved 1048576K
}
Event: 1.788 GC heap before
{Heap before GC invocations=1 (full 0):
 garbage-first heap   total 262144K, used 37313K [0x0000000701600000, 0x0000000800000000)
  region size 2048K, 18 young (36864K), 2 survivors (4096K)
 Metaspace       used 19365K, capacity 19570K, committed 19840K, reserved 1067008K
  class space    used 1990K, capacity 2053K, committed 2176K, reserved 1048576K
}
Event: 1.790 GC heap after
{Heap after GC invocations=2 (full 0):
 garbage-first heap   total 262144K, used 4944K [0x0000000701600000, 0x0000000800000000)
  region size 2048K, 2 young (4096K), 2 survivors (4096K)
 Metaspace       used 19365K, capacity 19570K, committed 19840K, reserved 1067008K
  class space    used 1990K, capacity 2053K, committed 2176K, reserved 1048576K
}
Event: 8.575 GC heap before
{Heap before GC invocations=2 (full 0):
 garbage-first heap   total 262144K, used 154448K [0x0000000701600000, 0x0000000800000000)
  region size 2048K, 76 young (155648K), 2 survivors (4096K)
 Metaspace       used 19561K, capacity 19730K, committed 19840K, reserved 1067008K
  class space    used 2018K, capacity 2085K, committed 2176K, reserved 1048576K
}
Event: 8.579 GC heap after
{Heap after GC invocations=3 (full 0):
 garbage-first heap   total 262144K, used 6227K [0x0000000701600000, 0x0000000800000000)
  region size 2048K, 3 young (6144K), 3 survivors (6144K)
 Metaspace       used 19561K, capacity 19730K, committed 19840K, reserved 1067008K
  class space    used 2018K, capacity 2085K, committed 2176K, reserved 1048576K
}
Event: 12.980 GC heap before
{Heap before GC invocations=3 (full 0):
 garbage-first heap   total 262144K, used 155731K [0x0000000701600000, 0x0000000800000000)
  region size 2048K, 76 young (155648K), 3 survivors (6144K)
 Metaspace       used 19569K, capacity 19794K, committed 20096K, reserved 1067008K
  class space    used 2020K, capacity 2085K, committed 2176K, reserved 1048576K
}
Event: 12.984 GC heap after
{Heap after GC invocations=4 (full 0):
 garbage-first heap   total 262144K, used 6377K [0x0000000701600000, 0x0000000800000000)
  region size 2048K, 3 young (6144K), 3 survivors (6144K)
 Metaspace       used 19569K, capacity 19794K, committed 20096K, reserved 1067008K
  class space    used 2020K, capacity 2085K, committed 2176K, reserved 1048576K
}
Event: 17.095 GC heap before
{Heap before GC invocations=4 (full 0):
 garbage-first heap   total 262144K, used 155881K [0x0000000701600000, 0x0000000800000000)
  region size 2048K, 76 young (155648K), 3 survivors (6144K)
 Metaspace       used 19674K, capacity 19858K, committed 20096K, reserved 1067008K
  class space    used 2021K, capacity 2085K, committed 2176K, reserved 1048576K
}
Event: 17.098 GC heap after
{Heap after GC invocations=5 (full 0):
 garbage-first heap   total 262144K, used 6400K [0x0000000701600000, 0x0000000800000000)
  region size 2048K, 3 young (6144K), 3 survivors (6144K)
 Metaspace       used 19674K, capacity 19858K, committed 20096K, reserved 1067008K
  class space    used 2021K, capacity 2085K, committed 2176K, reserved 1048576K
}

